Using pre-set license
Built from '2021.3/staging' branch; Version is '2021.3.15f1 (e8e88683f834) revision 15263878'; Using compiler version '192829333'; Build Type 'Release'
OS: 'Windows 11  (10.0.22621) 64bit CoreCountrySpecific' Language: 'zh' Physical Memory: 15596 MB
BatchMode: 1, IsHumanControllingUs: 0, StartBugReporterOnCrash: 0, Is64bit: 1, IsPro: 1

COMMAND LINE ARGUMENTS:
C:\Program Files\Unity\Hub\Editor\2021.3.15f1\Editor\Unity.exe
-adb2
-batchMode
-noUpm
-name
AssetImportWorker0
-projectPath
C:/Users/22122/Crushour
-logFile
Logs/AssetImportWorker0.log
-srvPort
53760
Successfully changed project path to: C:/Users/22122/Crushour
C:/Users/22122/Crushour
[UnityMemory] Configuration Parameters - Can be set up in boot.config
    "memorysetup-bucket-allocator-granularity=16"
    "memorysetup-bucket-allocator-bucket-count=8"
    "memorysetup-bucket-allocator-block-size=33554432"
    "memorysetup-bucket-allocator-block-count=8"
    "memorysetup-main-allocator-block-size=16777216"
    "memorysetup-thread-allocator-block-size=16777216"
    "memorysetup-gfx-main-allocator-block-size=16777216"
    "memorysetup-gfx-thread-allocator-block-size=16777216"
    "memorysetup-cache-allocator-block-size=4194304"
    "memorysetup-typetree-allocator-block-size=2097152"
    "memorysetup-profiler-bucket-allocator-granularity=16"
    "memorysetup-profiler-bucket-allocator-bucket-count=8"
    "memorysetup-profiler-bucket-allocator-block-size=33554432"
    "memorysetup-profiler-bucket-allocator-block-count=8"
    "memorysetup-profiler-allocator-block-size=16777216"
    "memorysetup-profiler-editor-allocator-block-size=1048576"
    "memorysetup-temp-allocator-size-main=16777216"
    "memorysetup-job-temp-allocator-block-size=2097152"
    "memorysetup-job-temp-allocator-block-size-background=1048576"
    "memorysetup-job-temp-allocator-reduction-small-platforms=262144"
    "memorysetup-temp-allocator-size-background-worker=32768"
    "memorysetup-temp-allocator-size-job-worker=262144"
    "memorysetup-temp-allocator-size-preload-manager=33554432"
    "memorysetup-temp-allocator-size-nav-mesh-worker=65536"
    "memorysetup-temp-allocator-size-audio-worker=65536"
    "memorysetup-temp-allocator-size-cloud-worker=32768"
    "memorysetup-temp-allocator-size-gi-baking-worker=262144"
    "memorysetup-temp-allocator-size-gfx=262144"
Player connection [25724] Host "[IP] 10.133.251.7 [Port] 0 [Flags] 2 [Guid] 3522889188 [EditorId] 3522889188 [Version] 1048832 [Id] WindowsEditor(7,INKINICE) [Debug] 1 [PackageName] WindowsEditor [ProjectName] Editor" joined multi-casting on [225.0.0.222:54997]...

Player connection [25724] Host "[IP] 10.133.251.7 [Port] 0 [Flags] 2 [Guid] 3522889188 [EditorId] 3522889188 [Version] 1048832 [Id] WindowsEditor(7,INKINICE) [Debug] 1 [PackageName] WindowsEditor [ProjectName] Editor" joined alternative multi-casting on [225.0.0.222:34997]...

Refreshing native plugins compatible for Editor in 66.37 ms, found 3 plugins.
Preloading 0 native plugins for Editor in 0.00 ms.
Initialize engine version: 2021.3.15f1 (e8e88683f834)
[Subsystems] Discovering subsystems at path C:/Program Files/Unity/Hub/Editor/2021.3.15f1/Editor/Data/Resources/UnitySubsystems
[Subsystems] Discovering subsystems at path C:/Users/22122/Crushour/Assets
GfxDevice: creating device client; threaded=0; jobified=0
Direct3D:
    Version:  Direct3D 11.0 [level 11.1]
    Renderer: AMD Radeon RX 6700S (ID=0x73ef)
    Vendor:   ATI
    VRAM:     8146 MB
    Driver:   31.0.12024.2005
Initialize mono
Mono path[0] = 'C:/Program Files/Unity/Hub/Editor/2021.3.15f1/Editor/Data/Managed'
Mono path[1] = 'C:/Program Files/Unity/Hub/Editor/2021.3.15f1/Editor/Data/MonoBleedingEdge/lib/mono/unityjit-win32'
Mono config path = 'C:/Program Files/Unity/Hub/Editor/2021.3.15f1/Editor/Data/MonoBleedingEdge/etc'
Using monoOptions --debugger-agent=transport=dt_socket,embedding=1,server=y,suspend=n,address=127.0.0.1:56380
Begin MonoManager ReloadAssembly
Registering precompiled unity dll's ...
Register platform support module: C:/Program Files/Unity/Hub/Editor/2021.3.15f1/Editor/Data/PlaybackEngines/WebGLSupport/UnityEditor.WebGL.Extensions.dll
Register platform support module: C:/Program Files/Unity/Hub/Editor/2021.3.15f1/Editor/Data/PlaybackEngines/WindowsStandaloneSupport/UnityEditor.WindowsStandalone.Extensions.dll
Registered in 0.006429 seconds.
Native extension for WindowsStandalone target not found
Native extension for WebGL target not found
Refreshing native plugins compatible for Editor in 61.60 ms, found 3 plugins.
Preloading 0 native plugins for Editor in 0.00 ms.
Mono: successfully reloaded assembly
- Completed reload, in  0.572 seconds
Domain Reload Profiling:
	ReloadAssembly (572ms)
		BeginReloadAssembly (75ms)
			ExecutionOrderSort (0ms)
			DisableScriptedObjects (0ms)
			BackupInstance (0ms)
			ReleaseScriptingObjects (0ms)
			CreateAndSetChildDomain (1ms)
		EndReloadAssembly (399ms)
			LoadAssemblies (72ms)
			RebuildTransferFunctionScriptingTraits (0ms)
			SetupTypeCache (92ms)
			ReleaseScriptCaches (0ms)
			RebuildScriptCaches (21ms)
			SetupLoadedEditorAssemblies (238ms)
				LogAssemblyErrors (0ms)
				InitializePlatformSupportModulesInManaged (9ms)
				SetLoadedEditorAssemblies (0ms)
				RefreshPlugins (62ms)
				BeforeProcessingInitializeOnLoad (1ms)
				ProcessInitializeOnLoadAttributes (124ms)
				ProcessInitializeOnLoadMethodAttributes (42ms)
				AfterProcessingInitializeOnLoad (0ms)
				EditorAssembliesLoaded (0ms)
			ExecutionOrderSort2 (0ms)
			AwakeInstancesAfterBackupRestoration (0ms)
Platform modules already initialized, skipping
Registering precompiled user dll's ...
Registered in 0.006820 seconds.
Begin MonoManager ReloadAssembly
Symbol file LoadedFromMemory doesn't match image C:\Users\22122\Crushour\Library\PackageCache\com.unity.visualscripting@1.7.8\Editor\VisualScripting.Core\Dependencies\YamlDotNet\Unity.VisualScripting.YamlDotNet.dll
Symbol file LoadedFromMemory doesn't match image C:\Users\22122\Crushour\Library\PackageCache\com.unity.visualscripting@1.7.8\Editor\VisualScripting.Core\Dependencies\DotNetZip\Unity.VisualScripting.IonicZip.dll
Native extension for WindowsStandalone target not found
Native extension for WebGL target not found
Refreshing native plugins compatible for Editor in 0.59 ms, found 3 plugins.
Preloading 0 native plugins for Editor in 0.00 ms.
Mono: successfully reloaded assembly
- Completed reload, in  0.887 seconds
Domain Reload Profiling:
	ReloadAssembly (888ms)
		BeginReloadAssembly (100ms)
			ExecutionOrderSort (0ms)
			DisableScriptedObjects (6ms)
			BackupInstance (0ms)
			ReleaseScriptingObjects (0ms)
			CreateAndSetChildDomain (19ms)
		EndReloadAssembly (688ms)
			LoadAssemblies (75ms)
			RebuildTransferFunctionScriptingTraits (0ms)
			SetupTypeCache (210ms)
			ReleaseScriptCaches (1ms)
			RebuildScriptCaches (38ms)
			SetupLoadedEditorAssemblies (323ms)
				LogAssemblyErrors (0ms)
				InitializePlatformSupportModulesInManaged (6ms)
				SetLoadedEditorAssemblies (0ms)
				RefreshPlugins (1ms)
				BeforeProcessingInitializeOnLoad (72ms)
				ProcessInitializeOnLoadAttributes (213ms)
				ProcessInitializeOnLoadMethodAttributes (24ms)
				AfterProcessingInitializeOnLoad (8ms)
				EditorAssembliesLoaded (0ms)
			ExecutionOrderSort2 (0ms)
			AwakeInstancesAfterBackupRestoration (8ms)
Platform modules already initialized, skipping
========================================================================
Worker process is ready to serve import requests
Launched and connected shader compiler UnityShaderCompiler.exe after 0.05 seconds
Refreshing native plugins compatible for Editor in 1.46 ms, found 3 plugins.
Preloading 0 native plugins for Editor in 0.00 ms.
Unloading 3363 Unused Serialized files (Serialized files now loaded: 0)
Unloading 27 unused Assets / (113.5 KB). Loaded Objects now: 3821.
Memory consumption went from 116.0 MB to 115.8 MB.
Total: 2.955200 ms (FindLiveObjects: 0.325200 ms CreateObjectMapping: 0.082400 ms MarkObjects: 2.429500 ms  DeleteObjects: 0.116800 ms)

AssetImportParameters requested are different than current active one (requested -> active):
  custom:video-decoder-ogg-theora: a1e56fd34408186e4bbccfd4996cb3dc -> 
  custom:container-muxer-webm: aa71ff27fc2769a1b78a27578f13a17b -> 
  custom:container-demuxer-webm: 4f35f7cbe854078d1ac9338744f61a02 -> 
  custom:video-encoder-webm-vp8: eb34c28f22e8b96e1ab97ce403110664 -> 
  custom:video-codec-MediaFoundation-h265: 746d11721c4dcdbdad8f713fa42b33f4 -> 
  custom:audio-encoder-webm-vorbis: bf7c407c2cedff20999df2af8eb42d56 -> 
  custom:framework-win-MediaFoundation: 216162199b28c13a410421893ffa2e32 -> 
  custom:container-demuxer-ogg: 62fdf1f143b41e24485cea50d1cbac27 -> 
  custom:video-decoder-webm-vp8: 9c59270c3fd7afecdb556c50c9e8de78 -> 
  custom:audio-decoder-ogg-vorbis: bf7c407c2cedff20999df2af8eb42d56 -> 
========================================================================
Received Prepare
Registering precompiled user dll's ...
Registered in 0.006345 seconds.
Begin MonoManager ReloadAssembly
Symbol file LoadedFromMemory doesn't match image C:\Users\22122\Crushour\Library\PackageCache\com.unity.visualscripting@1.7.8\Editor\VisualScripting.Core\Dependencies\YamlDotNet\Unity.VisualScripting.YamlDotNet.dll
Symbol file LoadedFromMemory doesn't match image C:\Users\22122\Crushour\Library\PackageCache\com.unity.visualscripting@1.7.8\Editor\VisualScripting.Core\Dependencies\DotNetZip\Unity.VisualScripting.IonicZip.dll
Native extension for WindowsStandalone target not found
Native extension for WebGL target not found
Refreshing native plugins compatible for Editor in 0.63 ms, found 3 plugins.
Preloading 0 native plugins for Editor in 0.00 ms.
Mono: successfully reloaded assembly
- Completed reload, in  0.915 seconds
Domain Reload Profiling:
	ReloadAssembly (916ms)
		BeginReloadAssembly (131ms)
			ExecutionOrderSort (0ms)
			DisableScriptedObjects (5ms)
			BackupInstance (0ms)
			ReleaseScriptingObjects (0ms)
			CreateAndSetChildDomain (36ms)
		EndReloadAssembly (685ms)
			LoadAssemblies (87ms)
			RebuildTransferFunctionScriptingTraits (0ms)
			SetupTypeCache (249ms)
			ReleaseScriptCaches (1ms)
			RebuildScriptCaches (29ms)
			SetupLoadedEditorAssemblies (290ms)
				LogAssemblyErrors (0ms)
				InitializePlatformSupportModulesInManaged (13ms)
				SetLoadedEditorAssemblies (1ms)
				RefreshPlugins (1ms)
				BeforeProcessingInitializeOnLoad (55ms)
				ProcessInitializeOnLoadAttributes (191ms)
				ProcessInitializeOnLoadMethodAttributes (22ms)
				AfterProcessingInitializeOnLoad (8ms)
				EditorAssembliesLoaded (0ms)
			ExecutionOrderSort2 (0ms)
			AwakeInstancesAfterBackupRestoration (6ms)
Platform modules already initialized, skipping
Refreshing native plugins compatible for Editor in 2.00 ms, found 3 plugins.
Preloading 0 native plugins for Editor in 0.00 ms.
Unloading 3357 Unused Serialized files (Serialized files now loaded: 0)
Unloading 21 unused Assets / (80.0 KB). Loaded Objects now: 3823.
Memory consumption went from 116.0 MB to 115.9 MB.
Total: 2.949600 ms (FindLiveObjects: 0.232600 ms CreateObjectMapping: 0.087100 ms MarkObjects: 2.534600 ms  DeleteObjects: 0.094400 ms)

AssetImportParameters requested are different than current active one (requested -> active):
  custom:video-decoder-ogg-theora: a1e56fd34408186e4bbccfd4996cb3dc -> 
  custom:container-muxer-webm: aa71ff27fc2769a1b78a27578f13a17b -> 
  custom:container-demuxer-webm: 4f35f7cbe854078d1ac9338744f61a02 -> 
  custom:video-encoder-webm-vp8: eb34c28f22e8b96e1ab97ce403110664 -> 
  custom:video-codec-MediaFoundation-h265: 746d11721c4dcdbdad8f713fa42b33f4 -> 
  custom:audio-encoder-webm-vorbis: bf7c407c2cedff20999df2af8eb42d56 -> 
  custom:framework-win-MediaFoundation: 216162199b28c13a410421893ffa2e32 -> 
  custom:container-demuxer-ogg: 62fdf1f143b41e24485cea50d1cbac27 -> 
  custom:video-decoder-webm-vp8: 9c59270c3fd7afecdb556c50c9e8de78 -> 
  custom:audio-decoder-ogg-vorbis: bf7c407c2cedff20999df2af8eb42d56 -> 
========================================================================
Received Import Request.
  Time since last request: 22460.135457 seconds.
  path: Assets/Script/Timer.cs
  artifactKey: Guid(121078c267a110f449ce44593ead770d) Importer(815301076,1909f56bfc062723c751e8b465ee728b)
Start importing Assets/Script/Timer.cs using Guid(121078c267a110f449ce44593ead770d) Importer(815301076,1909f56bfc062723c751e8b465ee728b)  -> (artifact id: '273355ba0c6d7851640aca7e2247f752') in 0.035577 seconds 
========================================================================
Received Prepare
Registering precompiled user dll's ...
Registered in 0.005735 seconds.
Begin MonoManager ReloadAssembly
Symbol file LoadedFromMemory doesn't match image C:\Users\22122\Crushour\Library\PackageCache\com.unity.visualscripting@1.7.8\Editor\VisualScripting.Core\Dependencies\YamlDotNet\Unity.VisualScripting.YamlDotNet.dll
Symbol file LoadedFromMemory doesn't match image C:\Users\22122\Crushour\Library\PackageCache\com.unity.visualscripting@1.7.8\Editor\VisualScripting.Core\Dependencies\DotNetZip\Unity.VisualScripting.IonicZip.dll
Native extension for WindowsStandalone target not found
Native extension for WebGL target not found
Refreshing native plugins compatible for Editor in 0.64 ms, found 3 plugins.
Preloading 0 native plugins for Editor in 0.00 ms.
Mono: successfully reloaded assembly
- Completed reload, in  0.913 seconds
Domain Reload Profiling:
	ReloadAssembly (914ms)
		BeginReloadAssembly (132ms)
			ExecutionOrderSort (0ms)
			DisableScriptedObjects (7ms)
			BackupInstance (0ms)
			ReleaseScriptingObjects (0ms)
			CreateAndSetChildDomain (34ms)
		EndReloadAssembly (680ms)
			LoadAssemblies (86ms)
			RebuildTransferFunctionScriptingTraits (0ms)
			SetupTypeCache (250ms)
			ReleaseScriptCaches (1ms)
			RebuildScriptCaches (30ms)
			SetupLoadedEditorAssemblies (280ms)
				LogAssemblyErrors (0ms)
				InitializePlatformSupportModulesInManaged (12ms)
				SetLoadedEditorAssemblies (0ms)
				RefreshPlugins (1ms)
				BeforeProcessingInitializeOnLoad (56ms)
				ProcessInitializeOnLoadAttributes (182ms)
				ProcessInitializeOnLoadMethodAttributes (21ms)
				AfterProcessingInitializeOnLoad (8ms)
				EditorAssembliesLoaded (0ms)
			ExecutionOrderSort2 (0ms)
			AwakeInstancesAfterBackupRestoration (6ms)
Platform modules already initialized, skipping
Refreshing native plugins compatible for Editor in 2.14 ms, found 3 plugins.
Preloading 0 native plugins for Editor in 0.00 ms.
Unloading 3358 Unused Serialized files (Serialized files now loaded: 0)
Unloading 20 unused Assets / (79.9 KB). Loaded Objects now: 3827.
Memory consumption went from 116.0 MB to 115.9 MB.
Total: 2.731900 ms (FindLiveObjects: 0.244200 ms CreateObjectMapping: 0.090000 ms MarkObjects: 2.304800 ms  DeleteObjects: 0.091300 ms)

AssetImportParameters requested are different than current active one (requested -> active):
  custom:video-decoder-ogg-theora: a1e56fd34408186e4bbccfd4996cb3dc -> 
  custom:container-muxer-webm: aa71ff27fc2769a1b78a27578f13a17b -> 
  custom:container-demuxer-webm: 4f35f7cbe854078d1ac9338744f61a02 -> 
  custom:video-encoder-webm-vp8: eb34c28f22e8b96e1ab97ce403110664 -> 
  custom:video-codec-MediaFoundation-h265: 746d11721c4dcdbdad8f713fa42b33f4 -> 
  custom:audio-encoder-webm-vorbis: bf7c407c2cedff20999df2af8eb42d56 -> 
  custom:framework-win-MediaFoundation: 216162199b28c13a410421893ffa2e32 -> 
  custom:container-demuxer-ogg: 62fdf1f143b41e24485cea50d1cbac27 -> 
  custom:video-decoder-webm-vp8: 9c59270c3fd7afecdb556c50c9e8de78 -> 
  custom:audio-decoder-ogg-vorbis: bf7c407c2cedff20999df2af8eb42d56 -> 
========================================================================
Received Import Request.
  Time since last request: 306.867684 seconds.
  path: Assets/Model/SNail(1).blend
  artifactKey: Guid(dd30a197a222f404e81a686ff4333567) Importer(815301076,1909f56bfc062723c751e8b465ee728b)
Start importing Assets/Model/SNail(1).blend using Guid(dd30a197a222f404e81a686ff4333567) Importer(815301076,1909f56bfc062723c751e8b465ee728b)  -> (artifact id: '0bd1a051a492bed7b9babc9d10f81d33') in 0.218703 seconds 
========================================================================
Received Import Request.
  Time since last request: 17.898919 seconds.
  path: Assets/Model/Rabbitgrey(1).blend
  artifactKey: Guid(407a14f4de01df14e84b9789a2b4e114) Importer(815301076,1909f56bfc062723c751e8b465ee728b)
Start importing Assets/Model/Rabbitgrey(1).blend using Guid(407a14f4de01df14e84b9789a2b4e114) Importer(815301076,1909f56bfc062723c751e8b465ee728b)  -> (artifact id: '247064ea78fef7e897416f339854e9ba') in 0.081815 seconds 
========================================================================
Received Import Request.
  Time since last request: 4.946102 seconds.
  path: Assets/Model/Rabbit (1).blend
  artifactKey: Guid(3f129a2e4359a1c49b56f6ff4c1cedef) Importer(815301076,1909f56bfc062723c751e8b465ee728b)
Start importing Assets/Model/Rabbit (1).blend using Guid(3f129a2e4359a1c49b56f6ff4c1cedef) Importer(815301076,1909f56bfc062723c751e8b465ee728b)  -> (artifact id: '439f7b98481a5350cf22a15eab92c69b') in 0.063450 seconds 
========================================================================
Received Import Request.
  Time since last request: 4.770116 seconds.
  path: Assets/Model/puddle.blend
  artifactKey: Guid(e927bb1ad341360418ab54421faff3af) Importer(815301076,1909f56bfc062723c751e8b465ee728b)
Start importing Assets/Model/puddle.blend using Guid(e927bb1ad341360418ab54421faff3af) Importer(815301076,1909f56bfc062723c751e8b465ee728b)  -> (artifact id: '1c2aba7e86ee5c9b114f89a3c1ddbbcf') in 0.029808 seconds 
========================================================================
Received Import Request.
  Time since last request: 4.995321 seconds.
  path: Assets/Model/Polarbear(3).blend
  artifactKey: Guid(72048d14e67a6e24097329503b126347) Importer(815301076,1909f56bfc062723c751e8b465ee728b)
Start importing Assets/Model/Polarbear(3).blend using Guid(72048d14e67a6e24097329503b126347) Importer(815301076,1909f56bfc062723c751e8b465ee728b)  -> (artifact id: '8d2127495f609fa7884c4e14db1424af') in 0.157202 seconds 
========================================================================
Received Import Request.
  Time since last request: 9.043193 seconds.
  path: Assets/Model/Pig textured(1).blend
  artifactKey: Guid(bd3920e2f733cd34f94ecc70575b1680) Importer(815301076,1909f56bfc062723c751e8b465ee728b)
Start importing Assets/Model/Pig textured(1).blend using Guid(bd3920e2f733cd34f94ecc70575b1680) Importer(815301076,1909f56bfc062723c751e8b465ee728b)  -> (artifact id: '40def4dce941ced9cca823849d8a0bfd') in 0.068789 seconds 
========================================================================
Received Import Request.
  Time since last request: 4.304808 seconds.
  path: Assets/Model/hammer.fbx
  artifactKey: Guid(012babb1a6a05ff4fbfe5c05ee20eebb) Importer(815301076,1909f56bfc062723c751e8b465ee728b)
Start importing Assets/Model/hammer.fbx using Guid(012babb1a6a05ff4fbfe5c05ee20eebb) Importer(815301076,1909f56bfc062723c751e8b465ee728b)  -> (artifact id: '6274ff38e718642ea8080fbc83330682') in 0.046465 seconds 
========================================================================
Received Import Request.
  Time since last request: 6.101814 seconds.
  path: Assets/Model/Elephant(1).blend
  artifactKey: Guid(85b947a29cae62c479e1d39cdbcec642) Importer(815301076,1909f56bfc062723c751e8b465ee728b)
Start importing Assets/Model/Elephant(1).blend using Guid(85b947a29cae62c479e1d39cdbcec642) Importer(815301076,1909f56bfc062723c751e8b465ee728b)  -> (artifact id: '73b06a7831df354b6b572ea5f6727cbe') in 0.054644 seconds 
========================================================================
Received Import Request.
  Time since last request: 4.373262 seconds.
  path: Assets/Model/Cow (2).blend
  artifactKey: Guid(c140671c0916cad4e9760c62c9b12c05) Importer(815301076,1909f56bfc062723c751e8b465ee728b)
Start importing Assets/Model/Cow (2).blend using Guid(c140671c0916cad4e9760c62c9b12c05) Importer(815301076,1909f56bfc062723c751e8b465ee728b)  -> (artifact id: 'f23272bc30ce427c1973d4cd9ef2271f') in 0.074554 seconds 
========================================================================
Received Import Request.
  Time since last request: 3.590755 seconds.
  path: Assets/Model/Catgrey.blend
  artifactKey: Guid(49db9ace099813a419f7ddf280236fea) Importer(815301076,1909f56bfc062723c751e8b465ee728b)
Start importing Assets/Model/Catgrey.blend using Guid(49db9ace099813a419f7ddf280236fea) Importer(815301076,1909f56bfc062723c751e8b465ee728b)  -> (artifact id: 'cb768c795e4fc90453ca9e3ca287d12b') in 0.064400 seconds 
========================================================================
Received Import Request.
  Time since last request: 3.546068 seconds.
  path: Assets/Model/Catbrown.blend
  artifactKey: Guid(78135d746126ce34187c57c1ed9183a6) Importer(815301076,1909f56bfc062723c751e8b465ee728b)
Start importing Assets/Model/Catbrown.blend using Guid(78135d746126ce34187c57c1ed9183a6) Importer(815301076,1909f56bfc062723c751e8b465ee728b)  -> (artifact id: 'bfa1536efd36cacf66d4e1d9ce1a359b') in 0.061624 seconds 
========================================================================
Received Import Request.
  Time since last request: 4.752877 seconds.
  path: Assets/Model/Bull texture(2).blend
  artifactKey: Guid(2b93bff45f1783d42ac67839771ae474) Importer(815301076,1909f56bfc062723c751e8b465ee728b)
Start importing Assets/Model/Bull texture(2).blend using Guid(2b93bff45f1783d42ac67839771ae474) Importer(815301076,1909f56bfc062723c751e8b465ee728b)  -> (artifact id: 'b2192866114139cf72465f51deae01f2') in 0.073161 seconds 
========================================================================
Received Import Request.
  Time since last request: 10.828629 seconds.
  path: Assets/Model/1vines.blend
  artifactKey: Guid(a94a3dc699479d04a86cb25e05ad8323) Importer(815301076,1909f56bfc062723c751e8b465ee728b)
Start importing Assets/Model/1vines.blend using Guid(a94a3dc699479d04a86cb25e05ad8323) Importer(815301076,1909f56bfc062723c751e8b465ee728b)  -> (artifact id: '16faced1e6ca02b9ca33d0a2e0cf78f0') in 0.029791 seconds 
========================================================================
Received Import Request.
  Time since last request: 9.296492 seconds.
  path: Assets/Model/Actual tube.blend
  artifactKey: Guid(6731b17909e88124088ebd4d06807681) Importer(815301076,1909f56bfc062723c751e8b465ee728b)
Start importing Assets/Model/Actual tube.blend using Guid(6731b17909e88124088ebd4d06807681) Importer(815301076,1909f56bfc062723c751e8b465ee728b)  -> (artifact id: '75a7694d4ca6dba227128436fa2faa7f') in 0.387876 seconds 
========================================================================
Received Import Request.
  Time since last request: 5.694575 seconds.
  path: Assets/Model/FOXseModel.blend
  artifactKey: Guid(422891b1783aacd43921f648926eccc0) Importer(815301076,1909f56bfc062723c751e8b465ee728b)
Start importing Assets/Model/FOXseModel.blend using Guid(422891b1783aacd43921f648926eccc0) Importer(815301076,1909f56bfc062723c751e8b465ee728b)  -> (artifact id: '0f2d2f809c8db3d5a21459172013e086') in 0.089078 seconds 
========================================================================
Received Import Request.
  Time since last request: 8.525934 seconds.
  path: Assets/Model/mouseModel.blend
  artifactKey: Guid(704f05cc2b315b24e884e8c3e5849a94) Importer(815301076,1909f56bfc062723c751e8b465ee728b)
Start importing Assets/Model/mouseModel.blend using Guid(704f05cc2b315b24e884e8c3e5849a94) Importer(815301076,1909f56bfc062723c751e8b465ee728b)  -> (artifact id: '051e6b9e5149b586e3508d26014d7a11') in 0.057891 seconds 
========================================================================
Received Import Request.
  Time since last request: 23.634689 seconds.
  path: Assets/Material/6f68af09-87cc-4115-a197-11fc6f024c50.JPG
  artifactKey: Guid(581119a4cc443cb49a329761df5fb2bd) Importer(815301076,1909f56bfc062723c751e8b465ee728b)
Start importing Assets/Material/6f68af09-87cc-4115-a197-11fc6f024c50.JPG using Guid(581119a4cc443cb49a329761df5fb2bd) Importer(815301076,1909f56bfc062723c751e8b465ee728b)  -> (artifact id: '6ffe02dcaf1ae3b435d05a167c2413e4') in 0.049063 seconds 
========================================================================
Received Import Request.
  Time since last request: 0.000023 seconds.
  path: Assets/Material/05819817-1986-424e-a3a2-5a8247b9b372.JPG
  artifactKey: Guid(8b79fc6c9be8e2143bd577c34bcef599) Importer(815301076,1909f56bfc062723c751e8b465ee728b)
Start importing Assets/Material/05819817-1986-424e-a3a2-5a8247b9b372.JPG using Guid(8b79fc6c9be8e2143bd577c34bcef599) Importer(815301076,1909f56bfc062723c751e8b465ee728b)  -> (artifact id: 'f78d47500bc616e8e13e4c5bbff86cfb') in 0.011926 seconds 
========================================================================
Received Import Request.
  Time since last request: 0.000022 seconds.
  path: Assets/Material/istockphoto-835411926-612x612.jpg
  artifactKey: Guid(3e7c6e3b8cd918a479bd751840d54d18) Importer(815301076,1909f56bfc062723c751e8b465ee728b)
Start importing Assets/Material/istockphoto-835411926-612x612.jpg using Guid(3e7c6e3b8cd918a479bd751840d54d18) Importer(815301076,1909f56bfc062723c751e8b465ee728b)  -> (artifact id: '9d4e5bde1f0982b7fdc72a48a4f24bf9') in 0.014113 seconds 
========================================================================
Received Import Request.
  Time since last request: 0.000046 seconds.
  path: Assets/Material/686582f4808b459a55780691b83222de.jpg
  artifactKey: Guid(406f76757855a78429eaad05b50de68e) Importer(815301076,1909f56bfc062723c751e8b465ee728b)
Start importing Assets/Material/686582f4808b459a55780691b83222de.jpg using Guid(406f76757855a78429eaad05b50de68e) Importer(815301076,1909f56bfc062723c751e8b465ee728b)  -> (artifact id: 'aad39b8d2dedafdeac6204aaae48c06d') in 0.011708 seconds 
========================================================================
Received Import Request.
  Time since last request: 0.000021 seconds.
  path: Assets/Material/STRIPE-GLOSS.jpg
  artifactKey: Guid(0751dbe90f00b874ba93d0dcf553362a) Importer(815301076,1909f56bfc062723c751e8b465ee728b)
Start importing Assets/Material/STRIPE-GLOSS.jpg using Guid(0751dbe90f00b874ba93d0dcf553362a) Importer(815301076,1909f56bfc062723c751e8b465ee728b)  -> (artifact id: '16e10346e9060aba5f1ffb7bbec641e2') in 0.011399 seconds 
========================================================================
Received Import Request.
  Time since last request: 0.000027 seconds.
  path: Assets/Material/Underground.svg.png
  artifactKey: Guid(87996d52f6dff9e48872498ea372101b) Importer(815301076,1909f56bfc062723c751e8b465ee728b)
Start importing Assets/Material/Underground.svg.png using Guid(87996d52f6dff9e48872498ea372101b) Importer(815301076,1909f56bfc062723c751e8b465ee728b)  -> (artifact id: 'a9542c533dd7e757ca6460f5428c941e') in 0.014363 seconds 
========================================================================
Received Import Request.
  Time since last request: 0.000031 seconds.
  path: Assets/Material/FireExtinguisher_D.png
  artifactKey: Guid(e06bbc773d91cf24dac146dfa0d09e4b) Importer(815301076,1909f56bfc062723c751e8b465ee728b)
Start importing Assets/Material/FireExtinguisher_D.png using Guid(e06bbc773d91cf24dac146dfa0d09e4b) Importer(815301076,1909f56bfc062723c751e8b465ee728b)  -> (artifact id: '27e1bb76178146a9016f88988317c83a') in 0.015508 seconds 
========================================================================
Received Import Request.
  Time since last request: 0.000024 seconds.
  path: Assets/Material/white-glossy-bricks-wall-texture_205227-111.jpg
  artifactKey: Guid(e099a587732b39c43b682a941fefd74f) Importer(815301076,1909f56bfc062723c751e8b465ee728b)
Start importing Assets/Material/white-glossy-bricks-wall-texture_205227-111.jpg using Guid(e099a587732b39c43b682a941fefd74f) Importer(815301076,1909f56bfc062723c751e8b465ee728b)  -> (artifact id: '937f1701044766c60dc965a65b5c0f96') in 0.015192 seconds 
========================================================================
Received Import Request.
  Time since last request: 0.000035 seconds.
  path: Assets/Material/grunge-wall-texture.jpg
  artifactKey: Guid(4a7b9bca09e3a2e4fb5931807f8db38c) Importer(815301076,1909f56bfc062723c751e8b465ee728b)
Start importing Assets/Material/grunge-wall-texture.jpg using Guid(4a7b9bca09e3a2e4fb5931807f8db38c) Importer(815301076,1909f56bfc062723c751e8b465ee728b)  -> (artifact id: '20fedbe3b4d9dff0f9f7f6dd3957040f') in 0.011070 seconds 
========================================================================
Received Import Request.
  Time since last request: 0.000038 seconds.
  path: Assets/Material/CRUSH HOUR.png
  artifactKey: Guid(1d902a9885eaf51478a537f802eb87c2) Importer(815301076,1909f56bfc062723c751e8b465ee728b)
Start importing Assets/Material/CRUSH HOUR.png using Guid(1d902a9885eaf51478a537f802eb87c2) Importer(815301076,1909f56bfc062723c751e8b465ee728b)  -> (artifact id: 'fbf2af319be873f325f2ca001089ac4b') in 0.011664 seconds 
========================================================================
Received Import Request.
  Time since last request: 0.000034 seconds.
  path: Assets/Material/london-underground-way-out-sign-free-photo.jpg
  artifactKey: Guid(4306e1164dd4ed440a1d05c004c23f03) Importer(815301076,1909f56bfc062723c751e8b465ee728b)
Start importing Assets/Material/london-underground-way-out-sign-free-photo.jpg using Guid(4306e1164dd4ed440a1d05c004c23f03) Importer(815301076,1909f56bfc062723c751e8b465ee728b)  -> (artifact id: '25bb3deb69126f312f0a19263362dd5b') in 0.010914 seconds 
Editor requested this worker to shutdown with reason: Scaling down because of idle timeout
AssetImportWorker is now disconnected from the server
Process exiting
Exiting without the bug reporter. Application will terminate with return code 0